Построение начато 24.11.2016 21:56:45.
     1>Проект "C:\Users\user\Desktop\Lab4FORMS\Lab4FORMS\Lab4FORMS.vcxproj" в узле 2 (целевые объекты build).
     1>InitializeBuildStatus:
         Создание "Release\Lab4FORMS.unsuccessfulbuild", так как было задано "AlwaysCreate".
       GenerateTargetFrameworkMonikerAttribute:
       Целевой объект "GenerateTargetFrameworkMonikerAttribute" пропускается, так как все выходные файлы актуальны по отношению к входным.
       ClCompile:
         Для всех выходных данных обновления не требуется.
         C:\Program Files (x86)\Microsoft Visual Studio 10.0\VC\bin\CL.exe /c /AI"C:\Program Files (x86)\Reference Assemblies\Microsoft\Framework\.NETFramework\v4.0" /Zi /clr:pure /nologo /W3 /WX- /O2 /Oy- /D WIN32 /D NDEBUG /D _UNICODE /D UNICODE /EHa /MD /GS /fp:precise /Zc:wchar_t /Zc:forScope /Yu"StdAfx.h" /Fp"Release\Lab4FORMS.pch" /Fo"Release\\" /Fd"Release\vc100.pdb" /TP /FU"C:\Program Files (x86)\Reference Assemblies\Microsoft\Framework\.NETFramework\v4.0\System.Core.dll" /FU"C:\Program Files (x86)\Reference Assemblies\Microsoft\Framework\.NETFramework\v4.0\System.Data.dll" /FU"C:\Program Files (x86)\Reference Assemblies\Microsoft\Framework\.NETFramework\v4.0\System.dll" /FU"C:\Program Files (x86)\Reference Assemblies\Microsoft\Framework\.NETFramework\v4.0\System.Drawing.dll" /FU"C:\Program Files (x86)\Reference Assemblies\Microsoft\Framework\.NETFramework\v4.0\System.Windows.Forms.dll" /FU"C:\Program Files (x86)\Reference Assemblies\Microsoft\Framework\.NETFramework\v4.0\System.Xml.dll" /analyze- /errorReport:prompt Lab4FORMS.cpp /clr:nostdlib 
         Lab4FORMS.cpp
     1>c:\users\user\desktop\lab4forms\lab4forms\Form1.h(198): warning C4996: 'fopen': This function or variable may be unsafe. Consider using fopen_s instead. To disable deprecation, use _CRT_SECURE_NO_WARNINGS. See online help for details.
                 C:\Program Files (x86)\Microsoft Visual Studio 10.0\VC\include\stdio.h(234): см. объявление "fopen"
     1>c:\users\user\desktop\lab4forms\lab4forms\Form1.h(206): warning C4996: 'fopen': This function or variable may be unsafe. Consider using fopen_s instead. To disable deprecation, use _CRT_SECURE_NO_WARNINGS. See online help for details.
                 C:\Program Files (x86)\Microsoft Visual Studio 10.0\VC\include\stdio.h(234): см. объявление "fopen"
     1>c:\users\user\desktop\lab4forms\lab4forms\Form1.h(208): warning C4996: 'fopen': This function or variable may be unsafe. Consider using fopen_s instead. To disable deprecation, use _CRT_SECURE_NO_WARNINGS. See online help for details.
                 C:\Program Files (x86)\Microsoft Visual Studio 10.0\VC\include\stdio.h(234): см. объявление "fopen"
         Для всех выходных данных обновления не требуется.
       CoreResGen:
         Отсутствуют ресурсы, устаревшие по отношению к файлам своих источников. Пропуск формирования ресурсов.
       ResourceCompile:
         Для всех выходных данных обновления не требуется.
       Link:
         C:\Program Files (x86)\Microsoft Visual Studio 10.0\VC\bin\link.exe /ERRORREPORT:PROMPT /OUT:"C:\Users\user\Desktop\Lab4FORMS\Release\Lab4FORMS.exe" /INCREMENTAL:NO /NOLOGO /ASSEMBLYRESOURCE:Release\Lab4FORMS.Form1.resources /MANIFEST /ManifestFile:"Release\Lab4FORMS.exe.intermediate.manifest" /MANIFESTUAC:"level='asInvoker' uiAccess='false'" /DEBUG /PDB:"C:\Users\user\Desktop\Lab4FORMS\Release\Lab4FORMS.pdb" /SUBSYSTEM:WINDOWS /TLBID:1 /ENTRY:"main" /DYNAMICBASE /FIXED:NO /NXCOMPAT /MACHINE:X86 Release\app.res
         Release\AssemblyInfo.obj
         Release\Lab4FORMS.obj
         Release\stdafx.obj
         "Release\.NETFramework,Version=v4.0.AssemblyAttributes.obj"
         Lab4FORMS.vcxproj -> C:\Users\user\Desktop\Lab4FORMS\Release\Lab4FORMS.exe
       Manifest:
         C:\Program Files (x86)\Microsoft SDKs\Windows\v7.0A\bin\mt.exe /nologo /verbose /outputresource:"C:\Users\user\Desktop\Lab4FORMS\Release\Lab4FORMS.exe;#1" /manifest Release\Lab4FORMS.exe.intermediate.manifest
       FinalizeBuildStatus:
         Файл "Release\Lab4FORMS.unsuccessfulbuild" удаляется.
         Обращение к "Release\Lab4FORMS.lastbuildstate".
     1>Построение проекта "C:\Users\user\Desktop\Lab4FORMS\Lab4FORMS\Lab4FORMS.vcxproj" завершено (целевые объекты build).

Построение успешно завершено.

Затраченное время: 00:00:11.10
